Begin Time:2019-12-03 16:42:02.065
[2019-12-03 16:42:02.065][P:267544/T:268488][Talk.cpp:200][Error][90000000] LoadArmEncDll armenc_vs2010_md32_dll.dll failed.
[2019-12-03 16:42:02.072][P:267544/T:268488][Utils.cpp:4792][Info][0] mutil NIC client
[2019-12-03 16:42:02.650][P:267544/T:268488][AVNetSDKMgr.cpp:655][Info][0] Test avnetsdk module handle: 0D3A0000

[2019-12-03 16:42:02.705][P:267544/T:268488][dhnetsdk.cpp:155][Info][0] Leave CLIENT_InitEx.
Begin Time:2019-12-03 16:42:22.444
[2019-12-03 16:42:22.444][P:270028/T:270024][Talk.cpp:200][Error][90000000] LoadArmEncDll armenc_vs2010_md32_dll.dll failed.
[2019-12-03 16:42:22.448][P:270028/T:270024][Utils.cpp:4792][Info][0] mutil NIC client
[2019-12-03 16:42:22.469][P:270028/T:270024][AVNetSDKMgr.cpp:655][Info][0] Test avnetsdk module handle: 0DBB0000

[2019-12-03 16:42:22.524][P:270028/T:270024][dhnetsdk.cpp:155][Info][0] Leave CLIENT_InitEx.
Begin Time:2019-12-03 16:42:32.450
[2019-12-03 16:42:32.450][P:270160/T:268524][Talk.cpp:200][Error][90000000] LoadArmEncDll armenc_vs2010_md32_dll.dll failed.
[2019-12-03 16:42:32.455][P:270160/T:268524][Utils.cpp:4792][Info][0] mutil NIC client
[2019-12-03 16:42:32.477][P:270160/T:268524][AVNetSDKMgr.cpp:655][Info][0] Test avnetsdk module handle: 0D230000

[2019-12-03 16:42:32.530][P:270160/T:268524][dhnetsdk.cpp:155][Info][0] Leave CLIENT_InitEx.
Begin Time:2019-12-03 16:43:43.523
[2019-12-03 16:43:43.523][P:170896/T:268620][Talk.cpp:200][Error][90000000] LoadArmEncDll armenc_vs2010_md32_dll.dll failed.
[2019-12-03 16:43:43.529][P:170896/T:268620][Utils.cpp:4792][Info][0] mutil NIC client
[2019-12-03 16:43:43.550][P:170896/T:268620][AVNetSDKMgr.cpp:655][Info][0] Test avnetsdk module handle: 0DAA0000

[2019-12-03 16:43:43.604][P:170896/T:268620][dhnetsdk.cpp:155][Info][0] Leave CLIENT_InitEx.
Begin Time:2019-12-03 16:47:38.040
[2019-12-03 16:47:38.040][P:245596/T:258092][Talk.cpp:200][Error][90000000] LoadArmEncDll armenc_vs2010_md32_dll.dll failed.
[2019-12-03 16:47:38.046][P:245596/T:258092][Utils.cpp:4792][Info][0] mutil NIC client
[2019-12-03 16:47:38.068][P:245596/T:258092][AVNetSDKMgr.cpp:655][Info][0] Test avnetsdk module handle: 0D430000

[2019-12-03 16:47:38.121][P:245596/T:258092][dhnetsdk.cpp:155][Info][0] Leave CLIENT_InitEx.
Begin Time:2019-12-03 16:47:49.067
[2019-12-03 16:47:49.067][P:273308/T:273312][Talk.cpp:200][Error][90000000] LoadArmEncDll armenc_vs2010_md32_dll.dll failed.
[2019-12-03 16:47:49.072][P:273308/T:273312][Utils.cpp:4792][Info][0] mutil NIC client
[2019-12-03 16:47:49.092][P:273308/T:273312][AVNetSDKMgr.cpp:655][Info][0] Test avnetsdk module handle: 0D150000

[2019-12-03 16:47:49.146][P:273308/T:273312][dhnetsdk.cpp:155][Info][0] Leave CLIENT_InitEx.
Begin Time:2019-12-03 16:47:56.002
[2019-12-03 16:47:56.002][P:273184/T:273180][Talk.cpp:200][Error][90000000] LoadArmEncDll armenc_vs2010_md32_dll.dll failed.
[2019-12-03 16:47:56.007][P:273184/T:273180][Utils.cpp:4792][Info][0] mutil NIC client
[2019-12-03 16:47:56.026][P:273184/T:273180][AVNetSDKMgr.cpp:655][Info][0] Test avnetsdk module handle: 0DBE0000

[2019-12-03 16:47:56.080][P:273184/T:273180][dhnetsdk.cpp:155][Info][0] Leave CLIENT_InitEx.
